<?xml version="1.0" encoding="UTF-8"?>
<testng-results ignored="0" total="1" passed="1" failed="0" skipped="0">
  <reporter-output>
    <line>
      <![CDATA[i am login]]>
    </line>
  </reporter-output>
  <suite started-at="2023-09-06T12:40:22 IST" name="Default suite" finished-at="2023-09-06T12:40:22 IST" duration-ms="76">
    <groups>
    </groups>
    <test started-at="2023-09-06T12:40:22 IST" name="Default test" finished-at="2023-09-06T12:40:22 IST" duration-ms="76">
      <class name="testing.Timeouts_TESTNG">
        <test-method signature="login()[pri:0, instance:testing.Timeouts_TESTNG@6cd28fa7]" started-at="2023-09-06T12:40:22 IST" name="login" finished-at="2023-09-06T12:40:22 IST" duration-ms="23" status="PASS">
          <reporter-output>
            <line>
              <![CDATA[i am login]]>
            </line>
          </reporter-output>
        </test-method> <!-- login -->
      </class> <!-- testing.Timeouts_TESTNG -->
    </test> <!-- Default test -->
  </suite> <!-- Default suite -->
</testng-results>
